android/app/build/intermediates/manifest_merge_blame_file/release/manifest-merger-blame-release-report.txt
1<?xml version="1.0" encoding="utf-8"?>
2<manifest xmlns:android="http://schemas.android.com/apk/res/android"
3    package="br.ufc.virtual.lme.luzdosaber"
4    android:versionCode="5"
5    android:versionName="1.0.1" >
6
7    <uses-sdk
8        android:minSdkVersion="21"
8-->src\main\AndroidManifest.xml
9        android:targetSdkVersion="28" />
9-->src\main\AndroidManifest.xml
10
11    <permission
11-->src\main\AndroidManifest.xml:7:3-9:42
12        android:name="br.ufc.virtual.lme.luzdosaber.permission.C2D_MESSAGE"
12-->src\main\AndroidManifest.xml:8:5-72
13        android:protectionLevel="signature" />
13-->src\main\AndroidManifest.xml:9:5-40
14
15    <!-- These are required permissions to make the app run -->
16    <uses-permission android:name="br.ufc.virtual.lme.luzdosaber.permission.C2D_MESSAGE" />
16-->src\main\AndroidManifest.xml:12:3-90
16-->src\main\AndroidManifest.xml:12:20-87
17    <uses-permission android:name="com.google.android.c2dm.permission.RECEIVE" />
17-->src\main\AndroidManifest.xml:13:3-80
17-->src\main\AndroidManifest.xml:13:20-77
18    <uses-permission android:name="android.permission.ACCESS_NETWORK_STATE" />
18-->src\main\AndroidManifest.xml:14:3-77
18-->src\main\AndroidManifest.xml:14:20-74
19    <uses-permission android:name="android.permission.INTERNET" />
19-->src\main\AndroidManifest.xml:15:3-65
19-->src\main\AndroidManifest.xml:15:20-62
20    <uses-permission android:name="android.permission.SYSTEM_ALERT_WINDOW" />
20-->src\main\AndroidManifest.xml:16:3-76
20-->src\main\AndroidManifest.xml:16:20-73
21    <uses-permission android:name="android.permission.WAKE_LOCK" />
21-->src\main\AndroidManifest.xml:17:3-66
21-->src\main\AndroidManifest.xml:17:20-63
22
23    <!-- ADD TEST PERMISSIONS HERE -->
24
25    <uses-feature
25-->src\main\AndroidManifest.xml:51:3-77
26        android:glEsVersion="0x00020000"
26-->src\main\AndroidManifest.xml:51:17-49
27        android:required="true" />
27-->src\main\AndroidManifest.xml:51:50-74
28    <uses-feature
28-->src\main\AndroidManifest.xml:52:3-85
29        android:name="android.software.leanback"
29-->src\main\AndroidManifest.xml:52:17-57
30        android:required="false" />
30-->src\main\AndroidManifest.xml:52:58-82
31    <uses-feature
31-->src\main\AndroidManifest.xml:53:3-88
32        android:name="android.hardware.touchscreen"
32-->src\main\AndroidManifest.xml:53:17-60
33        android:required="false" />
33-->src\main\AndroidManifest.xml:53:61-85
34
35    <!-- WHEN_VERSIONING_REMOVE_FROM_HERE -->
36    <supports-screens
36-->[host.exp.exponent:expoview:36.0.0] AndroidManifest.xml:13:5-19:24
37        android:anyDensity="true"
37-->[host.exp.exponent:expoview:36.0.0] AndroidManifest.xml:14:9-34
38        android:largeScreens="true"
38-->[host.exp.exponent:expoview:36.0.0] AndroidManifest.xml:15:9-36
39        android:normalScreens="true"
39-->[host.exp.exponent:expoview:36.0.0] AndroidManifest.xml:16:9-37
40        android:smallScreens="true"
40-->[host.exp.exponent:expoview:36.0.0] AndroidManifest.xml:17:9-36
41        android:xlargeScreens="true" >
41-->[host.exp.exponent:expoview:36.0.0] AndroidManifest.xml:18:9-37
42    </supports-screens>
43
44    <uses-permission android:name="host.exp.exponent.permission.C2D_MESSAGE" />
44-->[host.exp.exponent:expoview:36.0.0] AndroidManifest.xml:26:5-80
44-->[host.exp.exponent:expoview:36.0.0] AndroidManifest.xml:26:22-77
45    <uses-permission android:name="android.permission.MODIFY_AUDIO_SETTINGS" /> <!-- Used by react-native-netinfo module -->
45-->[host.exp.exponent:expoview:36.0.0] AndroidManifest.xml:31:5-80
45-->[host.exp.exponent:expoview:36.0.0] AndroidManifest.xml:31:22-77
46    <uses-permission android:name="android.permission.ACCESS_WIFI_STATE" />
46-->[host.exp.exponent:expoview:36.0.0] AndroidManifest.xml:34:5-76
46-->[host.exp.exponent:expoview:36.0.0] AndroidManifest.xml:34:22-73
47
48    <uses-feature
48-->[host.exp.exponent:expoview:36.0.0] AndroidManifest.xml:47:5-49:36
49        android:name="android.hardware.camera"
49-->[host.exp.exponent:expoview:36.0.0] AndroidManifest.xml:48:9-47
50        android:required="false" />
50-->[host.exp.exponent:expoview:36.0.0] AndroidManifest.xml:49:9-33
51    <uses-feature
51-->[host.exp.exponent:expoview:36.0.0] AndroidManifest.xml:50:5-52:36
52        android:name="android.hardware.camera.autofocus"
52-->[host.exp.exponent:expoview:36.0.0] AndroidManifest.xml:51:9-57
53        android:required="false" />
53-->[host.exp.exponent:expoview:36.0.0] AndroidManifest.xml:52:9-33
54    <uses-feature
54-->[host.exp.exponent:expoview:36.0.0] AndroidManifest.xml:53:5-55:36
55        android:name="android.hardware.location"
55-->[host.exp.exponent:expoview:36.0.0] AndroidManifest.xml:54:9-49
56        android:required="false" />
56-->[host.exp.exponent:expoview:36.0.0] AndroidManifest.xml:55:9-33
57    <uses-feature
57-->[host.exp.exponent:expoview:36.0.0] AndroidManifest.xml:56:5-58:36
58        android:name="android.hardware.location.gps"
58-->[host.exp.exponent:expoview:36.0.0] AndroidManifest.xml:57:9-53
59        android:required="false" />
59-->[host.exp.exponent:expoview:36.0.0] AndroidManifest.xml:58:9-33
60    <uses-feature
60-->[host.exp.exponent:expoview:36.0.0] AndroidManifest.xml:59:5-61:36
61        android:name="android.hardware.location.network"
61-->[host.exp.exponent:expoview:36.0.0] AndroidManifest.xml:60:9-57
62        android:required="false" />
62-->[host.exp.exponent:expoview:36.0.0] AndroidManifest.xml:61:9-33
63    <uses-feature
63-->[host.exp.exponent:expoview:36.0.0] AndroidManifest.xml:62:5-64:36
64        android:name="android.hardware.wifi"
64-->[host.exp.exponent:expoview:36.0.0] AndroidManifest.xml:63:9-45
65        android:required="false" />
65-->[host.exp.exponent:expoview:36.0.0] AndroidManifest.xml:64:9-33
66    <uses-feature
66-->[host.exp.exponent:expoview:36.0.0] AndroidManifest.xml:65:5-67:36
67        android:name="android.hardware.microphone"
67-->[host.exp.exponent:expoview:36.0.0] AndroidManifest.xml:66:9-51
68        android:required="false" />
68-->[host.exp.exponent:expoview:36.0.0] AndroidManifest.xml:67:9-33
69    <uses-feature
69-->[host.exp.exponent:expoview:36.0.0] AndroidManifest.xml:68:5-70:36
70        android:name="android.hardware.telephony"
70-->[host.exp.exponent:expoview:36.0.0] AndroidManifest.xml:69:9-50
71        android:required="false" />
71-->[host.exp.exponent:expoview:36.0.0] AndroidManifest.xml:70:9-33
72    <uses-feature
72-->[host.exp.exponent:expoview:36.0.0] AndroidManifest.xml:71:5-73:36
73        android:name="android.hardware.bluetooth"
73-->[host.exp.exponent:expoview:36.0.0] AndroidManifest.xml:72:9-50
74        android:required="false" />
74-->[host.exp.exponent:expoview:36.0.0] AndroidManifest.xml:73:9-33
75
76    <uses-permission android:name="android.permission.STORAGE" />
76-->[:expo-file-system] AndroidManifest.xml:15:5-66
76-->[:expo-file-system] AndroidManifest.xml:15:22-63
77    <uses-permission android:name="android.permission.FOREGROUND_SERVICE" />
77-->[:expo-location] AndroidManifest.xml:13:5-77
77-->[:expo-location] AndroidManifest.xml:13:22-74
78    <uses-permission android:name="com.google.android.finsky.permission.BIND_GET_INSTALL_REFERRER_SERVICE" />
78-->[com.google.android.gms:play-services-measurement:16.5.0] AndroidManifest.xml:26:5-110
78-->[com.google.android.gms:play-services-measurement:16.5.0] AndroidManifest.xml:26:22-107
79
80    <application
80-->src\main\AndroidManifest.xml:55:3-367:17
81        android:name="host.exp.exponent.MainApplication"
81-->src\main\AndroidManifest.xml:56:5-36
82        android:allowBackup="true"
82-->src\main\AndroidManifest.xml:57:5-31
83        android:appComponentFactory="androidx.core.app.CoreComponentFactory"
83-->[androidx.core:core:1.1.0] AndroidManifest.xml:24:18-86
84        android:icon="@mipmap/ic_launcher"
84-->src\main\AndroidManifest.xml:58:5-39
85        android:label="@string/app_name"
85-->src\main\AndroidManifest.xml:59:5-37
86        android:largeHeap="true"
86-->src\main\AndroidManifest.xml:60:5-29
87        android:supportsRtl="true"
87-->[com.facebook.android:facebook-android-sdk:5.0.1] AndroidManifest.xml:28:18-44
88        android:usesCleartextTraffic="true" >
88-->src\main\AndroidManifest.xml:61:5-40
89        <activity
89-->src\main\AndroidManifest.xml:63:5-68:16
90            android:name="host.exp.exponent.LauncherActivity"
90-->src\main\AndroidManifest.xml:64:7-39
91            android:exported="true"
91-->src\main\AndroidManifest.xml:65:7-30
92            android:launchMode="singleTask"
92-->src\main\AndroidManifest.xml:66:7-38
93            android:theme="@android:style/Theme.Translucent.NoTitleBar" >
93-->src\main\AndroidManifest.xml:67:7-66
94        </activity>
95        <activity
95-->src\main\AndroidManifest.xml:70:5-75:16
96            android:name="host.exp.exponent.experience.ExperienceActivity"
96-->src\main\AndroidManifest.xml:71:7-52
97            android:configChanges="keyboard|keyboardHidden|orientation|screenSize"
97-->src\main\AndroidManifest.xml:72:7-77
98            android:theme="@style/Theme.Exponent.Light"
98-->src\main\AndroidManifest.xml:73:7-50
99            android:windowSoftInputMode="adjustResize" >
99-->src\main\AndroidManifest.xml:74:7-49
100        </activity>
101        <activity
101-->src\main\AndroidManifest.xml:77:5-97:16
102            android:name="host.exp.exponent.MainActivity"
102-->src\main\AndroidManifest.xml:78:7-35
103            android:configChanges="keyboard|keyboardHidden|orientation|screenSize"
103-->src\main\AndroidManifest.xml:80:7-77
104            android:launchMode="singleTask"
104-->src\main\AndroidManifest.xml:79:7-38
105            android:theme="@style/Theme.Exponent.Splash"
105-->src\main\AndroidManifest.xml:81:7-51
106            android:windowSoftInputMode="adjustResize" >
106-->src\main\AndroidManifest.xml:82:7-49
107            <intent-filter>
107-->src\main\AndroidManifest.xml:83:7-90:23
108                <data android:scheme="exp2853272907524d4390e0621b5962deda" />
108-->src\main\AndroidManifest.xml:84:9-69
108-->src\main\AndroidManifest.xml:84:15-67
109
110                <action android:name="android.intent.action.VIEW" />
110-->src\main\AndroidManifest.xml:86:9-60
110-->src\main\AndroidManifest.xml:86:17-58
111
112                <category android:name="android.intent.category.DEFAULT" />
112-->src\main\AndroidManifest.xml:88:9-67
112-->src\main\AndroidManifest.xml:88:19-65
113                <category android:name="android.intent.category.BROWSABLE" />
113-->src\main\AndroidManifest.xml:89:9-69
113-->src\main\AndroidManifest.xml:89:19-67
114            </intent-filter>
115            <intent-filter>
115-->src\main\AndroidManifest.xml:91:7-95:23
116                <action android:name="android.intent.action.MAIN" />
116-->src\main\AndroidManifest.xml:92:9-60
116-->src\main\AndroidManifest.xml:92:17-58
117
118                <category android:name="android.intent.category.LAUNCHER" />
118-->src\main\AndroidManifest.xml:94:9-68
118-->src\main\AndroidManifest.xml:94:19-66
119            </intent-filter>
120            <!-- ADD DETACH APP SPECIFIC INTENT FILTERS -->
121        </activity>
122        <activity
122-->src\main\AndroidManifest.xml:99:5-105:16
123            android:name="host.exp.exponent.experience.HomeActivity"
123-->src\main\AndroidManifest.xml:100:7-46
124            android:label="@string/app_name"
124-->src\main\AndroidManifest.xml:101:7-39
125            android:launchMode="singleTask"
125-->src\main\AndroidManifest.xml:102:7-38
126            android:screenOrientation="portrait"
126-->src\main\AndroidManifest.xml:103:7-43
127            android:theme="@style/Theme.Exponent.Light" >
127-->src\main\AndroidManifest.xml:104:7-50
128        </activity>
129        <activity
129-->src\main\AndroidManifest.xml:107:5-116:15
130            android:name="host.exp.exponent.experience.TvActivity"
130-->src\main\AndroidManifest.xml:108:7-44
131            android:label="@string/app_name"
131-->src\main\AndroidManifest.xml:109:7-39
132            android:screenOrientation="portrait"
132-->src\main\AndroidManifest.xml:111:7-43
133            android:theme="@style/Theme.Exponent.Light" >
133-->src\main\AndroidManifest.xml:110:7-50
134            <intent-filter>
134-->src\main\AndroidManifest.xml:112:6-115:22
135                <action android:name="android.intent.action.MAIN" />
135-->src\main\AndroidManifest.xml:92:9-60
135-->src\main\AndroidManifest.xml:92:17-58
136
137                <category android:name="android.intent.category.LEANBACK_LAUNCHER" />
137-->src\main\AndroidManifest.xml:114:8-77
137-->src\main\AndroidManifest.xml:114:18-74
138            </intent-filter>
139        </activity>
140        <activity android:name="com.facebook.react.devsupport.DevSettingsActivity" />
140-->src\main\AndroidManifest.xml:120:5-81
140-->src\main\AndroidManifest.xml:120:15-79
141        <!-- WHEN_PREPARING_SHELL_REMOVE_FROM_HERE -->
142        <!-- ADD DEV SETTINGS HERE -->
143        <!-- BEGIN_SDK_36 -->
144        <activity android:name="abi36_0_0.com.facebook.react.devsupport.DevSettingsActivity" />
144-->src\main\AndroidManifest.xml:124:5-91
144-->src\main\AndroidManifest.xml:124:15-89
145        <!-- END_SDK_36 -->
146        <!-- BEGIN_SDK_35 -->
147        <activity android:name="abi35_0_0.com.facebook.react.devsupport.DevSettingsActivity" />
147-->src\main\AndroidManifest.xml:127:5-91
147-->src\main\AndroidManifest.xml:127:15-89
148        <!-- END_SDK_35 -->
149        <!-- BEGIN_SDK_34 -->
150        <activity android:name="abi34_0_0.com.facebook.react.devsupport.DevSettingsActivity" />
150-->src\main\AndroidManifest.xml:130:5-91
150-->src\main\AndroidManifest.xml:130:15-89
151        <!-- END_SDK_34 -->
152        <!-- BEGIN_SDK_33 -->
153        <activity android:name="abi33_0_0.com.facebook.react.devsupport.DevSettingsActivity" />
153-->src\main\AndroidManifest.xml:133:5-91
153-->src\main\AndroidManifest.xml:133:15-89
154        <!-- END_SDK_33 -->
155        <!-- WHEN_PREPARING_SHELL_REMOVE_TO_HERE -->
156
157        <activity android:name="net.openid.appauth.RedirectUriReceiverActivity" >
157-->src\main\AndroidManifest.xml:137:5-146:16
157-->src\main\AndroidManifest.xml:138:9-70
158            <intent-filter>
158-->src\main\AndroidManifest.xml:140:7-145:23
159                <action android:name="android.intent.action.VIEW" />
159-->src\main\AndroidManifest.xml:86:9-60
159-->src\main\AndroidManifest.xml:86:17-58
160
161                <category android:name="android.intent.category.DEFAULT" />
161-->src\main\AndroidManifest.xml:88:9-67
161-->src\main\AndroidManifest.xml:88:19-65
162                <category android:name="android.intent.category.BROWSABLE" />
162-->src\main\AndroidManifest.xml:89:9-69
162-->src\main\AndroidManifest.xml:89:19-67
163
164                <data
164-->src\main\AndroidManifest.xml:84:9-69
165                    android:path="oauthredirect"
165-->src\main\AndroidManifest.xml:144:62-90
166                    android:scheme="br.ufc.virtual.lme.luzdosaber" />
166-->src\main\AndroidManifest.xml:84:15-67
167            </intent-filter>
168        </activity>
169
170        <!-- START OF STRIPE SCHEMES -->
171        <activity
171-->src\main\AndroidManifest.xml:149:5-160:16
172            android:name="expo.modules.payments.stripe.RedirectUriReceiver"
172-->src\main\AndroidManifest.xml:152:9-72
173            android:exported="true"
173-->src\main\AndroidManifest.xml:150:9-32
174            android:launchMode="singleTask"
174-->src\main\AndroidManifest.xml:151:9-40
175            android:theme="@android:style/Theme.Translucent.NoTitleBar.Fullscreen" >
175-->src\main\AndroidManifest.xml:153:9-79
176            <intent-filter>
176-->src\main\AndroidManifest.xml:154:9-159:25
177                <action android:name="android.intent.action.VIEW" />
177-->src\main\AndroidManifest.xml:86:9-60
177-->src\main\AndroidManifest.xml:86:17-58
178
179                <category android:name="android.intent.category.DEFAULT" />
179-->src\main\AndroidManifest.xml:88:9-67
179-->src\main\AndroidManifest.xml:88:19-65
180                <category android:name="android.intent.category.BROWSABLE" />
180-->src\main\AndroidManifest.xml:89:9-69
180-->src\main\AndroidManifest.xml:89:19-67
181
182                <data android:scheme="expo.modules.payments.stripe.f6eda9a0-1432-481b-a72d-7de5252ca78d" />
182-->src\main\AndroidManifest.xml:84:9-69
182-->src\main\AndroidManifest.xml:84:15-67
183            </intent-filter>
184        </activity>
185        <!-- Versioned Activity for Stripe -->
186        <!-- BEGIN_SDK_36 -->
187        <activity
187-->src\main\AndroidManifest.xml:163:5-174:16
188            android:name="abi36_0_0.expo.modules.payments.stripe.RedirectUriReceiver"
188-->src\main\AndroidManifest.xml:166:7-80
189            android:exported="true"
189-->src\main\AndroidManifest.xml:164:7-30
190            android:launchMode="singleTask"
190-->src\main\AndroidManifest.xml:165:7-38
191            android:theme="@android:style/Theme.Translucent.NoTitleBar.Fullscreen" >
191-->src\main\AndroidManifest.xml:167:7-77
192            <intent-filter>
192-->src\main\AndroidManifest.xml:168:7-173:23
193                <action android:name="android.intent.action.VIEW" />
193-->src\main\AndroidManifest.xml:86:9-60
193-->src\main\AndroidManifest.xml:86:17-58
194
195                <category android:name="android.intent.category.DEFAULT" />
195-->src\main\AndroidManifest.xml:88:9-67
195-->src\main\AndroidManifest.xml:88:19-65
196                <category android:name="android.intent.category.BROWSABLE" />
196-->src\main\AndroidManifest.xml:89:9-69
196-->src\main\AndroidManifest.xml:89:19-67
197
198                <data android:scheme="abi36_0_0.expo.modules.payments.stripe" />
198-->src\main\AndroidManifest.xml:84:9-69
198-->src\main\AndroidManifest.xml:84:15-67
199            </intent-filter>
200        </activity>
201        <!-- END_SDK_36 -->
202        <!-- BEGIN_SDK_35 -->
203        <activity
203-->src\main\AndroidManifest.xml:177:3-188:14
204            android:name="abi35_0_0.expo.modules.payments.stripe.RedirectUriReceiver"
204-->src\main\AndroidManifest.xml:180:4-77
205            android:exported="true"
205-->src\main\AndroidManifest.xml:178:4-27
206            android:launchMode="singleTask"
206-->src\main\AndroidManifest.xml:179:4-35
207            android:theme="@android:style/Theme.Translucent.NoTitleBar.Fullscreen" >
207-->src\main\AndroidManifest.xml:181:4-74
208            <intent-filter>
208-->src\main\AndroidManifest.xml:182:4-187:20
209                <action android:name="android.intent.action.VIEW" />
209-->src\main\AndroidManifest.xml:86:9-60
209-->src\main\AndroidManifest.xml:86:17-58
210
211                <category android:name="android.intent.category.DEFAULT" />
211-->src\main\AndroidManifest.xml:88:9-67
211-->src\main\AndroidManifest.xml:88:19-65
212                <category android:name="android.intent.category.BROWSABLE" />
212-->src\main\AndroidManifest.xml:89:9-69
212-->src\main\AndroidManifest.xml:89:19-67
213
214                <data android:scheme="abi35_0_0.expo.modules.payments.stripe" />
214-->src\main\AndroidManifest.xml:84:9-69
214-->src\main\AndroidManifest.xml:84:15-67
215            </intent-filter>
216        </activity>
217        <!-- END_SDK_35 -->
218        <!-- BEGIN_SDK_34 -->
219        <activity
219-->src\main\AndroidManifest.xml:191:5-202:16
220            android:name="abi34_0_0.expo.modules.payments.stripe.RedirectUriReceiver"
220-->src\main\AndroidManifest.xml:194:7-80
221            android:exported="true"
221-->src\main\AndroidManifest.xml:192:7-30
222            android:launchMode="singleTask"
222-->src\main\AndroidManifest.xml:193:7-38
223            android:theme="@android:style/Theme.Translucent.NoTitleBar.Fullscreen" >
223-->src\main\AndroidManifest.xml:195:7-77
224            <intent-filter>
224-->src\main\AndroidManifest.xml:196:7-201:23
225                <action android:name="android.intent.action.VIEW" />
225-->src\main\AndroidManifest.xml:86:9-60
225-->src\main\AndroidManifest.xml:86:17-58
226
227                <category android:name="android.intent.category.DEFAULT" />
227-->src\main\AndroidManifest.xml:88:9-67
227-->src\main\AndroidManifest.xml:88:19-65
228                <category android:name="android.intent.category.BROWSABLE" />
228-->src\main\AndroidManifest.xml:89:9-69
228-->src\main\AndroidManifest.xml:89:19-67
229
230                <data android:scheme="abi34_0_0.expo.modules.payments.stripe" />
230-->src\main\AndroidManifest.xml:84:9-69
230-->src\main\AndroidManifest.xml:84:15-67
231            </intent-filter>
232        </activity>
233        <!-- END_SDK_34 -->
234        <!-- BEGIN_SDK_33 -->
235        <activity
235-->src\main\AndroidManifest.xml:205:5-216:16
236            android:name="abi33_0_0.expo.modules.payments.stripe.RedirectUriReceiver"
236-->src\main\AndroidManifest.xml:208:7-80
237            android:exported="true"
237-->src\main\AndroidManifest.xml:206:7-30
238            android:launchMode="singleTask"
238-->src\main\AndroidManifest.xml:207:7-38
239            android:theme="@android:style/Theme.Translucent.NoTitleBar.Fullscreen" >
239-->src\main\AndroidManifest.xml:209:7-77
240            <intent-filter>
240-->src\main\AndroidManifest.xml:210:7-215:23
241                <action android:name="android.intent.action.VIEW" />
241-->src\main\AndroidManifest.xml:86:9-60
241-->src\main\AndroidManifest.xml:86:17-58
242
243                <category android:name="android.intent.category.DEFAULT" />
243-->src\main\AndroidManifest.xml:88:9-67
243-->src\main\AndroidManifest.xml:88:19-65
244                <category android:name="android.intent.category.BROWSABLE" />
244-->src\main\AndroidManifest.xml:89:9-69
244-->src\main\AndroidManifest.xml:89:19-67
245
246                <data android:scheme="abi33_0_0.expo.modules.payments.stripe" />
246-->src\main\AndroidManifest.xml:84:9-69
246-->src\main\AndroidManifest.xml:84:15-67
247            </intent-filter>
248        </activity>
249        <!-- END_SDK_33 -->
250        <!-- END OF STRIPE SCHEMES -->
251
252        <activity
252-->src\main\AndroidManifest.xml:220:5-224:16
253            android:name="host.exp.exponent.experience.ErrorActivity"
253-->src\main\AndroidManifest.xml:221:7-47
254            android:screenOrientation="portrait"
254-->src\main\AndroidManifest.xml:223:7-43
255            android:theme="@style/Theme.Exponent.Dark" >
255-->src\main\AndroidManifest.xml:222:7-49
256        </activity>
257        <activity
257-->src\main\AndroidManifest.xml:226:5-230:16
258            android:name="host.exp.exponent.experience.InfoActivity"
258-->src\main\AndroidManifest.xml:227:7-46
259            android:screenOrientation="portrait"
259-->src\main\AndroidManifest.xml:228:7-43
260            android:theme="@style/Theme.Exponent.Light" >
260-->src\main\AndroidManifest.xml:229:7-50
261        </activity>
262        <activity
262-->src\main\AndroidManifest.xml:232:5-237:39
263            android:name="com.facebook.FacebookActivity"
263-->src\main\AndroidManifest.xml:233:7-51
264            android:configChanges="keyboard|keyboardHidden|screenLayout|screenSize|orientation"
264-->src\main\AndroidManifest.xml:234:7-90
265            android:label="@string/app_name"
265-->src\main\AndroidManifest.xml:235:7-39
266            android:theme="@android:style/Theme.Translucent.NoTitleBar" />
266-->src\main\AndroidManifest.xml:236:7-66
267        <activity
267-->src\main\AndroidManifest.xml:239:5-243:69
268            android:name="com.facebook.ads.InterstitialAdActivity"
268-->src\main\AndroidManifest.xml:240:7-61
269            android:configChanges="keyboard|keyboardHidden|screenLayout|screenSize|orientation"
269-->src\main\AndroidManifest.xml:241:7-90
270            android:label="@string/app_name"
270-->src\main\AndroidManifest.xml:242:7-39
271            android:theme="@android:style/Theme.Translucent.NoTitleBar" />
271-->src\main\AndroidManifest.xml:243:7-66
272
273        <service
273-->src\main\AndroidManifest.xml:245:5-247:34
274            android:name="host.exp.exponent.ExponentIntentService"
274-->src\main\AndroidManifest.xml:246:7-44
275            android:exported="false" />
275-->src\main\AndroidManifest.xml:247:7-31
276
277        <!-- Analytics -->
278        <receiver
278-->src\main\AndroidManifest.xml:250:5-256:16
279            android:name="host.exp.exponent.referrer.InstallReferrerReceiver"
279-->src\main\AndroidManifest.xml:251:7-72
280            android:exported="true" >
280-->src\main\AndroidManifest.xml:252:7-30
281            <intent-filter>
281-->src\main\AndroidManifest.xml:253:7-255:23
282                <action android:name="com.android.vending.INSTALL_REFERRER" />
282-->src\main\AndroidManifest.xml:254:9-71
282-->src\main\AndroidManifest.xml:254:17-68
283            </intent-filter>
284        </receiver>
285
286        <!--
287    This crashes: https://code.google.com/p/analytics-issues/issues/detail?id=667
288    TODO: turn it back on when it's fixed
289    <service
290      android:name="com.google.android.gms.analytics.CampaignTrackingService"
291      android:enabled="true"
292      android:exported="false" />
293        -->
294
295        <receiver
295-->src\main\AndroidManifest.xml:266:5-271:16
296            android:name="com.google.android.gms.analytics.AnalyticsReceiver"
296-->src\main\AndroidManifest.xml:266:15-80
297            android:enabled="true"
297-->src\main\AndroidManifest.xml:267:15-37
298            android:exported="false" >
298-->[com.google.android.gms:play-services-analytics:16.0.8] AndroidManifest.xml:33:13-37
299            <intent-filter>
299-->src\main\AndroidManifest.xml:268:7-270:23
300                <action android:name="com.google.android.gms.analytics.ANALYTICS_DISPATCH" />
300-->src\main\AndroidManifest.xml:269:9-86
300-->src\main\AndroidManifest.xml:269:17-83
301            </intent-filter>
302        </receiver>
303
304        <service
304-->src\main\AndroidManifest.xml:273:5-275:40
305            android:name="com.google.android.gms.analytics.AnalyticsService"
305-->src\main\AndroidManifest.xml:273:14-78
306            android:enabled="true"
306-->src\main\AndroidManifest.xml:274:14-36
307            android:exported="false" />
307-->src\main\AndroidManifest.xml:275:14-38
308
309        <!-- GCM -->
310        <receiver
310-->src\main\AndroidManifest.xml:278:5-288:16
311            android:name="com.google.android.gms.gcm.GcmReceiver"
311-->src\main\AndroidManifest.xml:279:7-60
312            android:exported="true"
312-->src\main\AndroidManifest.xml:280:7-30
313            android:permission="com.google.android.c2dm.permission.SEND" >
313-->src\main\AndroidManifest.xml:281:7-67
314            <intent-filter>
314-->src\main\AndroidManifest.xml:282:7-287:23
315                <action android:name="com.google.android.c2dm.intent.RECEIVE" />
315-->src\main\AndroidManifest.xml:283:9-72
315-->src\main\AndroidManifest.xml:283:17-70
316                <action android:name="com.google.android.c2dm.intent.REGISTRATION" />
316-->src\main\AndroidManifest.xml:284:9-77
316-->src\main\AndroidManifest.xml:284:17-75
317
318                <category android:name="br.ufc.virtual.lme.luzdosaber" />
318-->src\main\AndroidManifest.xml:286:9-65
318-->src\main\AndroidManifest.xml:286:19-63
319            </intent-filter>
320        </receiver>
321
322        <service
322-->src\main\AndroidManifest.xml:290:5-296:15
323            android:name="host.exp.exponent.gcm.ExponentGcmListenerService"
323-->src\main\AndroidManifest.xml:291:7-53
324            android:exported="false" >
324-->src\main\AndroidManifest.xml:292:7-31
325            <intent-filter>
325-->src\main\AndroidManifest.xml:293:7-295:23
326                <action android:name="com.google.android.c2dm.intent.RECEIVE" />
326-->src\main\AndroidManifest.xml:283:9-72
326-->src\main\AndroidManifest.xml:283:17-70
327            </intent-filter>
328        </service>
329        <service
329-->src\main\AndroidManifest.xml:297:5-303:15
330            android:name="host.exp.exponent.gcm.ExponentInstanceIDListenerService"
330-->src\main\AndroidManifest.xml:298:7-60
331            android:exported="false" >
331-->src\main\AndroidManifest.xml:299:7-31
332            <intent-filter>
332-->src\main\AndroidManifest.xml:300:7-302:23
333                <action android:name="com.google.android.gms.iid.InstanceID" />
333-->src\main\AndroidManifest.xml:301:9-71
333-->src\main\AndroidManifest.xml:301:17-69
334            </intent-filter>
335        </service>
336        <service
336-->src\main\AndroidManifest.xml:304:5-307:15
337            android:name="host.exp.exponent.gcm.GcmRegistrationIntentService"
337-->src\main\AndroidManifest.xml:305:7-55
338            android:exported="false" >
338-->src\main\AndroidManifest.xml:306:7-31
339        </service>
340
341        <!-- FCM -->
342        <service android:name="host.exp.exponent.fcm.ExpoFcmMessagingService" >
342-->src\main\AndroidManifest.xml:310:5-315:15
342-->src\main\AndroidManifest.xml:311:7-50
343            <intent-filter>
343-->src\main\AndroidManifest.xml:312:7-314:23
344                <action android:name="com.google.firebase.MESSAGING_EVENT" />
344-->src\main\AndroidManifest.xml:313:9-69
344-->src\main\AndroidManifest.xml:313:17-67
345            </intent-filter>
346        </service>
347
348        <meta-data
348-->src\main\AndroidManifest.xml:316:5-318:62
349            android:name="com.google.firebase.messaging.default_notification_icon"
349-->src\main\AndroidManifest.xml:317:7-77
350            android:resource="@drawable/shell_notification_icon" />
350-->src\main\AndroidManifest.xml:318:7-59
351        <meta-data
351-->src\main\AndroidManifest.xml:319:5-321:47
352            android:name="com.google.firebase.messaging.default_notification_color"
352-->src\main\AndroidManifest.xml:320:7-78
353            android:resource="@color/colorAccent" />